<?xml version="1.0" encoding="UTF-8"?>
<testng-results skipped="0" failed="0" total="1" passed="1">
  <reporter-output>
  </reporter-output>
  <suite name="Default suite" duration-ms="34754" started-at="2017-08-18T06:57:35Z" finished-at="2017-08-18T06:58:10Z">
    <groups>
    </groups>
    <test name="Default test" duration-ms="34754" started-at="2017-08-18T06:57:35Z" finished-at="2017-08-18T06:58:10Z">
      <class name="Yixin.Taoche.TestScripts.OldCarListPage_Test">
        <test-method status="PASS" signature="BeforeTest()[pri:0, instance:Yixin.Taoche.TestScripts.OldCarListPage_Test@4ba046fe]" name="BeforeTest" is-config="true" duration-ms="190" started-at="2017-08-18T14:57:35Z" finished-at="2017-08-18T14:57:36Z">
          <reporter-output>
          </reporter-output>
        </test-method> <!-- BeforeTest -->
        <test-method status="PASS" signature="beforeClass()[pri:0, instance:Yixin.Taoche.TestScripts.OldCarListPage_Test@4ba046fe]" name="beforeClass" is-config="true" duration-ms="23280" started-at="2017-08-18T14:57:36Z" finished-at="2017-08-18T14:57:59Z">
          <reporter-output>
          </reporter-output>
        </test-method> <!-- beforeClass -->
        <test-method status="PASS" signature="OldCarList()[pri:0, instance:Yixin.Taoche.TestScripts.OldCarListPage_Test@4ba046fe]" name="OldCarList" duration-ms="10455" started-at="2017-08-18T14:57:59Z" finished-at="2017-08-18T14:58:09Z">
          <reporter-output>
          </reporter-output>
        </test-method> <!-- OldCarList -->
        <test-method status="PASS" signature="afterClass()[pri:0, instance:Yixin.Taoche.TestScripts.OldCarListPage_Test@4ba046fe]" name="afterClass" is-config="true" duration-ms="817" started-at="2017-08-18T14:58:09Z" finished-at="2017-08-18T14:58:10Z">
          <reporter-output>
          </reporter-output>
        </test-method> <!-- afterClass -->
      </class> <!-- Yixin.Taoche.TestScripts.OldCarListPage_Test -->
    </test> <!-- Default test -->
  </suite> <!-- Default suite -->
</testng-results>
